
TIMESTAMP: 2025-12-15T06:18:19.416Z
Treasury: 7tPex3v45MN42hD6m9vHgSKvkEqtE2XpmigLWLMctST7
Mint: CS8ZQMdJ5t5hNuM51LXJBU4zBysZWAkFj9oJ6MwtnHsS
Treasury ATA: 9dxA15haQu7Wo7jn5iSev1wVpKi19CVfDRUXkYhhDSWY
Recipient ATA: H7iUeYoZ3e9ezLt18jUL3xSLFAfzGTCcDcihiTAHVP3f
----------------------------------------

TIMESTAMP: 2025-12-15T06:24:09.576Z
Treasury: 2AXpsEQSAdqc45kSrcad7dEfPzAXb7uHz8gbp7BJRjCi
Mint: 2FFhBNoCqsgXejrqQXk3gJXWyG9nuiE7qj4Sv2wrcnwq
Treasury ATA: 5dSTWXN1kSWyraQgA4Rjx9FSJWWYZ8F1AcD9qPVhLPAE
Recipient ATA: DdX8GEEjqHRr4bRFf4mT7jkMLeQzsypyVZirjj1anUey
----------------------------------------

TIMESTAMP: 2025-12-15T06:24:14.384Z
Treasury: 2AXpsEQSAdqc45kSrcad7dEfPzAXb7uHz8gbp7BJRjCi
Mint: CS8ZQMdJ5t5hNuM51LXJBU4zBysZWAkFj9oJ6MwtnHsS
Treasury ATA: HV9eBbP2Jk1YtSR3VLTqSXV2YqNftDk1GMPU3b9NRccC
Recipient ATA: 47eQ93o5KN2Jft6M4AeW3tz41bWajwxQ3yLZ3BhJ4j2M
----------------------------------------

TIMESTAMP: 2025-12-15T06:31:25.009Z
Treasury: 2AXpsEQSAdqc45kSrcad7dEfPzAXb7uHz8gbp7BJRjCi
Mint: 5Z5YkiXqBQyVaz8dhrM2DCDynnmNkaFa7AZDoHchQtEj
Treasury ATA: BCU9pfUDomp2nxbfrJRJL3UwyYkZiTSPCrvZFRTFKtYC
Recipient ATA: 74BiWNKbWqdPb2XeGcPN5BuW4Libpxk77bdnHR3NFBwJ
----------------------------------------
